2021-10-27 13:33:13 WARN  AnnotationConfigApplicationContext:591 - Exception encountered during context initialization - cancelling refresh attempt: org.springframework.beans.factory.UnsatisfiedDependencyException: Error creating bean with name 'enrollmentReader' defined in org.iesfm.instituto.jdbc.configuration.InstitutoConfiguration: Unsatisfied dependency expressed through method 'enrollmentReader' parameter 0; nested exception is org.springframework.beans.factory.NoSuchBeanDefinitionException: No qualifying bean of type 'java.util.Scanner' available: expected at least 1 bean which qualifies as autowire candidate. Dependency annotations: {}
2021-10-27 13:34:06 WARN  AnnotationConfigApplicationContext:591 - Exception encountered during context initialization - cancelling refresh attempt: org.springframework.beans.factory.UnsatisfiedDependencyException: Error creating bean with name 'enrollmentReader' defined in org.iesfm.instituto.jdbc.configuration.InstitutoConfiguration: Unsatisfied dependency expressed through method 'enrollmentReader' parameter 0; nested exception is org.springframework.beans.factory.NoSuchBeanDefinitionException: No qualifying bean of type 'java.util.Scanner' available: expected at least 1 bean which qualifies as autowire candidate. Dependency annotations: {}
2021-10-27 13:35:44 WARN  AnnotationConfigApplicationContext:591 - Exception encountered during context initialization - cancelling refresh attempt: org.springframework.beans.factory.UnsatisfiedDependencyException: Error creating bean with name 'studentReader' defined in org.iesfm.instituto.jdbc.configuration.InstitutoConfiguration: Unsatisfied dependency expressed through method 'studentReader' parameter 0; nested exception is org.springframework.beans.factory.NoSuchBeanDefinitionException: No qualifying bean of type 'java.util.Scanner' available: expected at least 1 bean which qualifies as autowire candidate. Dependency annotations: {}
2021-10-27 13:36:52 WARN  AnnotationConfigApplicationContext:591 - Exception encountered during context initialization - cancelling refresh attempt: org.springframework.beans.factory.UnsatisfiedDependencyException: Error creating bean with name 'studentReader' defined in org.iesfm.instituto.jdbc.configuration.InstitutoConfiguration: Unsatisfied dependency expressed through method 'studentReader' parameter 0; nested exception is org.springframework.beans.factory.NoSuchBeanDefinitionException: No qualifying bean of type 'java.util.Scanner' available: expected at least 1 bean which qualifies as autowire candidate. Dependency annotations: {}
2021-10-27 13:37:57 WARN  AnnotationConfigApplicationContext:591 - Exception encountered during context initialization - cancelling refresh attempt: org.springframework.beans.factory.UnsatisfiedDependencyException: Error creating bean with name 'studentReader' defined in org.iesfm.instituto.jdbc.configuration.InstitutoConfiguration: Unsatisfied dependency expressed through method 'studentReader' parameter 0; nested exception is org.springframework.beans.factory.NoSuchBeanDefinitionException: No qualifying bean of type 'java.util.Scanner' available: expected at least 1 bean which qualifies as autowire candidate. Dependency annotations: {}
2021-10-27 13:40:12 WARN  AnnotationConfigApplicationContext:591 - Exception encountered during context initialization - cancelling refresh attempt: org.springframework.beans.factory.UnsatisfiedDependencyException: Error creating bean with name 'studentReader' defined in org.iesfm.instituto.jdbc.configuration.InstitutoConfiguration: Unsatisfied dependency expressed through method 'studentReader' parameter 0; nested exception is org.springframework.beans.factory.NoSuchBeanDefinitionException: No qualifying bean of type 'java.util.Scanner' available: expected at least 1 bean which qualifies as autowire candidate. Dependency annotations: {}
2021-10-27 13:48:24 INFO  TitleGroupReader:22 - Introduce el curso
2021-10-27 13:49:06 INFO  StudentReader:20 - Introduce el nif
2021-10-27 13:49:06 INFO  StudentReader:22 - Introduce el nombre del estudiante
2021-10-27 13:50:00 INFO  StudentReader:20 - Introduce el nif
2021-10-27 13:50:00 INFO  StudentReader:22 - Introduce el nombre del estudiante
2021-10-27 13:51:19 INFO  StudentReader:24 - Introduce el apellido del estudiante
2021-10-27 13:51:33 INFO  TitleGroupReader:22 - Introduce el curso
2021-10-27 13:51:52 INFO  TitleReader:22 - Introduce el título
2021-10-27 13:52:15 INFO  StudentReader:20 - Introduce el nif
2021-10-27 13:52:15 INFO  StudentReader:22 - Introduce el nombre del estudiante
2021-10-27 13:57:40 INFO  StudentReader:20 - Introduce el nif
2021-10-27 13:57:40 INFO  StudentReader:22 - Introduce el nombre del estudiante
2021-10-27 13:59:49 INFO  TitleGroupReader:22 - Introduce el curso
2021-10-27 14:00:22 INFO  TitleGroupReader:24 - Introduce la letra
2021-10-27 14:01:09 INFO  TitleGroupReader:22 - Introduce el curso
2021-10-27 14:01:14 INFO  TitleGroupReader:24 - Introduce la letra
2021-10-27 14:01:26 INFO  TitleGroupReader:22 - Introduce el curso
2021-10-27 14:01:38 INFO  TitleGroupReader:24 - Introduce la letra
2021-10-27 14:01:40 INFO  TitleGroupReader:26 - Introduce el título
2021-10-27 14:02:13 INFO  TitleGroupReader:28 - Introduce el año del grupo
2021-10-27 14:04:09 INFO  TitleGroupReader:22 - Introduce el curso
2021-10-27 14:04:37 INFO  TitleGroupReader:24 - Introduce la letra
2021-10-27 14:04:51 INFO  TitleGroupReader:22 - Introduce el curso
2021-10-27 14:06:56 INFO  TitleGroupReader:22 - Introduce el curso
2021-10-27 14:07:24 INFO  TitleGroupReader:24 - Introduce la letra
2021-10-27 14:07:38 INFO  TitleGroupReader:26 - Introduce el título
2021-10-27 14:07:52 INFO  TitleGroupReader:28 - Introduce el año del grupo
2021-10-27 14:08:14 INFO  TitleGroupReader:22 - Introduce el curso
2021-10-27 14:08:18 INFO  TitleGroupReader:24 - Introduce la letra
2021-10-27 14:08:20 INFO  TitleGroupReader:26 - Introduce el título
2021-10-27 14:08:36 INFO  TitleGroupReader:28 - Introduce el año del grupo
